Copyright 1986-2022 Xilinx, Inc. All Rights Reserved. Copyright 2022-2023 Advanced Micro Devices, Inc. All Rights Reserved.
---------------------------------------------------------------------------------------------------------------------------------------------
| Tool Version : Vivado v.2023.2 (win64) Build 4029153 Fri Oct 13 20:14:34 MDT 2023
| Date         : Tue Nov 21 17:24:03 2023
| Host         : BOOK-07G3AHJS47 running 64-bit major release  (build 9200)
| Command      : upgrade_ip
| Device       : xc7a75tfgg484-1
---------------------------------------------------------------------------------------------------------------------------------------------

Upgrade Log for IP 'selectio_wiz_0'

1. Summary
----------

SUCCESS in the update of selectio_wiz_0 (xilinx.com:ip:selectio_wiz:5.1 (Rev. 17)) to current project options.






Copyright 1986-2022 Xilinx, Inc. All Rights Reserved. Copyright 2022-2023 Advanced Micro Devices, Inc. All Rights Reserved.
---------------------------------------------------------------------------------------------------------------------------------------------
| Tool Version : Vivado v.2023.2 (win64) Build 4029153 Fri Oct 13 20:14:34 MDT 2023
| Date         : Tue Nov 21 17:22:01 2023
| Host         : BOOK-07G3AHJS47 running 64-bit major release  (build 9200)
| Command      : upgrade_ip
| Device       : xc7a75tfgg484-1
---------------------------------------------------------------------------------------------------------------------------------------------

Upgrade Log for IP 'clk_wiz_0'

1. Summary
----------

SUCCESS in the upgrade of clk_wiz_0 (xilinx.com:ip:clk_wiz:6.0) from (Rev. 12) to (Rev. 13)

