
*** Running vivado
    with args -log cordic_0.vds -m64 -product Vivado -mode batch -messageDb vivado.pb -notrace -source cordic_0.tcl


ECHO가 설정되어 있지 않습니다.
ECHO가 설정되어 있지 않습니다.

****** Vivado v2023.2 (64-bit)
  **** SW Build 4029153 on Fri Oct 13 20:14:34 MDT 2023
  **** IP Build 4028589 on Sat Oct 14 00:45:43 MDT 2023
  **** SharedData Build 4025554 on Tue Oct 10 17:18:54 MDT 2023
    ** Copyright 1986-2022 Xilinx, Inc. All Rights Reserved.
    ** Copyright 2022-2023 Advanced Micro Devices, Inc. All Rights Reserved.

source cordic_0.tcl -notrace
create_project: Time (s): cpu = 00:00:04 ; elapsed = 00:00:13 . Memory (MB): peak = 473.539 ; gain = 179.309
INFO: [IP_Flow 19-6924] IPCACHE: Running cache check for IP inst: cordic_0
Command: synth_design -top cordic_0 -part xc7a75tfgg484-1 -incremental_mode off -mode out_of_context
Starting synth_design
Attempting to get a license for feature 'Synthesis' and/or device 'xc7a75t'
INFO: [Common 17-349] Got license for feature 'Synthesis' and/or device 'xc7a75t'
INFO: [Device 21-403] Loading part xc7a75tfgg484-1
INFO: [Synth 8-7079] Multithreading enabled for synth_design using a maximum of 2 processes.
INFO: [Synth 8-7078] Launching helper process for spawning children vivado processes
INFO: [Synth 8-7075] Helper process launched with PID 15988
---------------------------------------------------------------------------------
Starting RTL Elaboration : Time (s): cpu = 00:00:06 ; elapsed = 00:00:15 . Memory (MB): peak = 1334.363 ; gain = 439.496
---------------------------------------------------------------------------------
INFO: [Synth 8-638] synthesizing module 'cordic_0' [c:/Project/PROF/3_dac_adc_triggered_read/vivado_project_bit/vivado_project_bit.gen/sources_1/ip/cordic_0/synth/cordic_0.vhd:69]
	Parameter C_ARCHITECTURE bound to: 2 - type: integer 
	Parameter C_CORDIC_FUNCTION bound to: 2 - type: integer 
	Parameter C_COARSE_ROTATE bound to: 1 - type: integer 
	Parameter C_DATA_FORMAT bound to: 0 - type: integer 
	Parameter C_XDEVICEFAMILY bound to: artix7 - type: string 
	Parameter C_HAS_ACLKEN bound to: 0 - type: integer 
	Parameter C_HAS_ACLK bound to: 1 - type: integer 
	Parameter C_HAS_S_AXIS_CARTESIAN bound to: 0 - type: integer 
	Parameter C_HAS_S_AXIS_PHASE bound to: 1 - type: integer 
	Parameter C_HAS_ARESETN bound to: 0 - type: integer 
	Parameter C_INPUT_WIDTH bound to: 32 - type: integer 
	Parameter C_ITERATIONS bound to: 0 - type: integer 
	Parameter C_OUTPUT_WIDTH bound to: 12 - type: integer 
	Parameter C_PHASE_FORMAT bound to: 1 - type: integer 
	Parameter C_PIPELINE_MODE bound to: -2 - type: integer 
	Parameter C_PRECISION bound to: 0 - type: integer 
	Parameter C_ROUND_MODE bound to: 3 - type: integer 
	Parameter C_SCALE_COMP bound to: 0 - type: integer 
	Parameter C_THROTTLE_SCHEME bound to: 3 - type: integer 
	Parameter C_TLAST_RESOLUTION bound to: 0 - type: integer 
	Parameter C_HAS_S_AXIS_PHASE_TUSER bound to: 0 - type: integer 
	Parameter C_HAS_S_AXIS_PHASE_TLAST bound to: 0 - type: integer 
	Parameter C_S_AXIS_PHASE_TDATA_WIDTH bound to: 32 - type: integer 
	Parameter C_S_AXIS_PHASE_TUSER_WIDTH bound to: 1 - type: integer 
	Parameter C_HAS_S_AXIS_CARTESIAN_TUSER bound to: 0 - type: integer 
	Parameter C_HAS_S_AXIS_CARTESIAN_TLAST bound to: 0 - type: integer 
	Parameter C_S_AXIS_CARTESIAN_TDATA_WIDTH bound to: 64 - type: integer 
	Parameter C_S_AXIS_CARTESIAN_TUSER_WIDTH bound to: 1 - type: integer 
	Parameter C_M_AXIS_DOUT_TDATA_WIDTH bound to: 32 - type: integer 
	Parameter C_M_AXIS_DOUT_TUSER_WIDTH bound to: 1 - type: integer 
INFO: [Synth 8-3491] module 'cordic_v6_0_20' declared at 'c:/Project/PROF/3_dac_adc_triggered_read/vivado_project_bit/vivado_project_bit.gen/sources_1/ip/cordic_0/hdl/cordic_v6_0_vh_rfs.vhd:10026' bound to instance 'U0' of component 'cordic_v6_0_20' [c:/Project/PROF/3_dac_adc_triggered_read/vivado_project_bit/vivado_project_bit.gen/sources_1/ip/cordic_0/synth/cordic_0.vhd:144]
INFO: [Synth 8-256] done synthesizing module 'cordic_0' (0#1) [c:/Project/PROF/3_dac_adc_triggered_read/vivado_project_bit/vivado_project_bit.gen/sources_1/ip/cordic_0/synth/cordic_0.vhd:69]
WARNING: [Synth 8-7129] Port AINIT in module c_reg_fd_v12_0_7_viv__parameterized1 is either unconnected or has no load
WARNING: [Synth 8-7129] Port ACLR in module c_reg_fd_v12_0_7_viv__parameterized1 is either unconnected or has no load
WARNING: [Synth 8-7129] Port ASET in module c_reg_fd_v12_0_7_viv__parameterized1 is either unconnected or has no load
WARNING: [Synth 8-7129] Port SINIT in module c_reg_fd_v12_0_7_viv__parameterized1 is either unconnected or has no load
WARNING: [Synth 8-7129] Port SCLR in module c_reg_fd_v12_0_7_viv__parameterized1 is either unconnected or has no load
WARNING: [Synth 8-7129] Port SSET in module c_reg_fd_v12_0_7_viv__parameterized1 is either unconnected or has no load
WARNING: [Synth 8-7129] Port add in module c_addsub_v12_0_16_lut6_legacy__parameterized1 is either unconnected or has no load
WARNING: [Synth 8-7129] Port bypass in module c_addsub_v12_0_16_lut6_legacy__parameterized1 is either unconnected or has no load
WARNING: [Synth 8-7129] Port sclr in module c_addsub_v12_0_16_lut6_legacy__parameterized1 is either unconnected or has no load
WARNING: [Synth 8-7129] Port sset in module c_addsub_v12_0_16_lut6_legacy__parameterized1 is either unconnected or has no load
WARNING: [Synth 8-7129] Port sinit in module c_addsub_v12_0_16_lut6_legacy__parameterized1 is either unconnected or has no load
WARNING: [Synth 8-7129] Port b_in in module c_addsub_v12_0_16_legacy__parameterized1 is either unconnected or has no load
WARNING: [Synth 8-7129] Port a_signed in module c_addsub_v12_0_16_legacy__parameterized1 is either unconnected or has no load
WARNING: [Synth 8-7129] Port b_signed in module c_addsub_v12_0_16_legacy__parameterized1 is either unconnected or has no load
WARNING: [Synth 8-7129] Port SCLR in module delay_bit is either unconnected or has no load
WARNING: [Synth 8-7129] Port WE in module delay__parameterized6 is either unconnected or has no load
WARNING: [Synth 8-7129] Port CE in module delay__parameterized6 is either unconnected or has no load
WARNING: [Synth 8-7129] Port SCLR in module delay__parameterized6 is either unconnected or has no load
WARNING: [Synth 8-7129] Port CLK in module delay__parameterized6 is either unconnected or has no load
WARNING: [Synth 8-7129] Port CE in module c_reg_fd_v12_0_7_viv is either unconnected or has no load
WARNING: [Synth 8-7129] Port AINIT in module c_reg_fd_v12_0_7_viv is either unconnected or has no load
WARNING: [Synth 8-7129] Port ACLR in module c_reg_fd_v12_0_7_viv is either unconnected or has no load
WARNING: [Synth 8-7129] Port ASET in module c_reg_fd_v12_0_7_viv is either unconnected or has no load
WARNING: [Synth 8-7129] Port SINIT in module c_reg_fd_v12_0_7_viv is either unconnected or has no load
WARNING: [Synth 8-7129] Port SCLR in module c_reg_fd_v12_0_7_viv is either unconnected or has no load
WARNING: [Synth 8-7129] Port SSET in module c_reg_fd_v12_0_7_viv is either unconnected or has no load
WARNING: [Synth 8-7129] Port c_in in module c_addsub_v12_0_16_lut6_legacy is either unconnected or has no load
WARNING: [Synth 8-7129] Port ce in module c_addsub_v12_0_16_lut6_legacy is either unconnected or has no load
WARNING: [Synth 8-7129] Port bypass in module c_addsub_v12_0_16_lut6_legacy is either unconnected or has no load
WARNING: [Synth 8-7129] Port sclr in module c_addsub_v12_0_16_lut6_legacy is either unconnected or has no load
WARNING: [Synth 8-7129] Port sset in module c_addsub_v12_0_16_lut6_legacy is either unconnected or has no load
WARNING: [Synth 8-7129] Port sinit in module c_addsub_v12_0_16_lut6_legacy is either unconnected or has no load
WARNING: [Synth 8-7129] Port c_in in module c_addsub_v12_0_16_legacy is either unconnected or has no load
WARNING: [Synth 8-7129] Port b_in in module c_addsub_v12_0_16_legacy is either unconnected or has no load
WARNING: [Synth 8-7129] Port a_signed in module c_addsub_v12_0_16_legacy is either unconnected or has no load
WARNING: [Synth 8-7129] Port b_signed in module c_addsub_v12_0_16_legacy is either unconnected or has no load
WARNING: [Synth 8-7129] Port C_IN in module c_addsub_v12_0_16_viv is either unconnected or has no load
WARNING: [Synth 8-7129] Port WE in module delay_bit__parameterized3 is either unconnected or has no load
WARNING: [Synth 8-7129] Port CE in module delay_bit__parameterized3 is either unconnected or has no load
WARNING: [Synth 8-7129] Port SCLR in module delay_bit__parameterized3 is either unconnected or has no load
WARNING: [Synth 8-7129] Port CLK in module delay_bit__parameterized3 is either unconnected or has no load
WARNING: [Synth 8-7129] Port aclr in module cordic_out_config is either unconnected or has no load
WARNING: [Synth 8-7129] Port aclr in module cordic_ctrl_slice_par is either unconnected or has no load
WARNING: [Synth 8-7129] Port nd_in in module cordic_eng is either unconnected or has no load
WARNING: [Synth 8-7129] Port X_IN[31] in module cordic_v6_0_20_synth is either unconnected or has no load
WARNING: [Synth 8-7129] Port X_IN[30] in module cordic_v6_0_20_synth is either unconnected or has no load
WARNING: [Synth 8-7129] Port X_IN[29] in module cordic_v6_0_20_synth is either unconnected or has no load
WARNING: [Synth 8-7129] Port X_IN[28] in module cordic_v6_0_20_synth is either unconnected or has no load
WARNING: [Synth 8-7129] Port X_IN[27] in module cordic_v6_0_20_synth is either unconnected or has no load
WARNING: [Synth 8-7129] Port X_IN[26] in module cordic_v6_0_20_synth is either unconnected or has no load
WARNING: [Synth 8-7129] Port X_IN[25] in module cordic_v6_0_20_synth is either unconnected or has no load
WARNING: [Synth 8-7129] Port X_IN[24] in module cordic_v6_0_20_synth is either unconnected or has no load
WARNING: [Synth 8-7129] Port X_IN[23] in module cordic_v6_0_20_synth is either unconnected or has no load
WARNING: [Synth 8-7129] Port X_IN[22] in module cordic_v6_0_20_synth is either unconnected or has no load
WARNING: [Synth 8-7129] Port X_IN[21] in module cordic_v6_0_20_synth is either unconnected or has no load
WARNING: [Synth 8-7129] Port X_IN[20] in module cordic_v6_0_20_synth is either unconnected or has no load
WARNING: [Synth 8-7129] Port X_IN[19] in module cordic_v6_0_20_synth is either unconnected or has no load
WARNING: [Synth 8-7129] Port X_IN[18] in module cordic_v6_0_20_synth is either unconnected or has no load
WARNING: [Synth 8-7129] Port X_IN[17] in module cordic_v6_0_20_synth is either unconnected or has no load
WARNING: [Synth 8-7129] Port X_IN[16] in module cordic_v6_0_20_synth is either unconnected or has no load
WARNING: [Synth 8-7129] Port X_IN[15] in module cordic_v6_0_20_synth is either unconnected or has no load
WARNING: [Synth 8-7129] Port X_IN[14] in module cordic_v6_0_20_synth is either unconnected or has no load
WARNING: [Synth 8-7129] Port X_IN[13] in module cordic_v6_0_20_synth is either unconnected or has no load
WARNING: [Synth 8-7129] Port X_IN[12] in module cordic_v6_0_20_synth is either unconnected or has no load
WARNING: [Synth 8-7129] Port X_IN[11] in module cordic_v6_0_20_synth is either unconnected or has no load
WARNING: [Synth 8-7129] Port X_IN[10] in module cordic_v6_0_20_synth is either unconnected or has no load
WARNING: [Synth 8-7129] Port X_IN[9] in module cordic_v6_0_20_synth is either unconnected or has no load
WARNING: [Synth 8-7129] Port X_IN[8] in module cordic_v6_0_20_synth is either unconnected or has no load
WARNING: [Synth 8-7129] Port X_IN[7] in module cordic_v6_0_20_synth is either unconnected or has no load
WARNING: [Synth 8-7129] Port X_IN[6] in module cordic_v6_0_20_synth is either unconnected or has no load
WARNING: [Synth 8-7129] Port X_IN[5] in module cordic_v6_0_20_synth is either unconnected or has no load
WARNING: [Synth 8-7129] Port X_IN[4] in module cordic_v6_0_20_synth is either unconnected or has no load
WARNING: [Synth 8-7129] Port X_IN[3] in module cordic_v6_0_20_synth is either unconnected or has no load
WARNING: [Synth 8-7129] Port X_IN[2] in module cordic_v6_0_20_synth is either unconnected or has no load
WARNING: [Synth 8-7129] Port X_IN[1] in module cordic_v6_0_20_synth is either unconnected or has no load
WARNING: [Synth 8-7129] Port X_IN[0] in module cordic_v6_0_20_synth is either unconnected or has no load
WARNING: [Synth 8-7129] Port Y_IN[31] in module cordic_v6_0_20_synth is either unconnected or has no load
WARNING: [Synth 8-7129] Port Y_IN[30] in module cordic_v6_0_20_synth is either unconnected or has no load
WARNING: [Synth 8-7129] Port Y_IN[29] in module cordic_v6_0_20_synth is either unconnected or has no load
WARNING: [Synth 8-7129] Port Y_IN[28] in module cordic_v6_0_20_synth is either unconnected or has no load
WARNING: [Synth 8-7129] Port Y_IN[27] in module cordic_v6_0_20_synth is either unconnected or has no load
WARNING: [Synth 8-7129] Port Y_IN[26] in module cordic_v6_0_20_synth is either unconnected or has no load
WARNING: [Synth 8-7129] Port Y_IN[25] in module cordic_v6_0_20_synth is either unconnected or has no load
WARNING: [Synth 8-7129] Port Y_IN[24] in module cordic_v6_0_20_synth is either unconnected or has no load
WARNING: [Synth 8-7129] Port Y_IN[23] in module cordic_v6_0_20_synth is either unconnected or has no load
WARNING: [Synth 8-7129] Port Y_IN[22] in module cordic_v6_0_20_synth is either unconnected or has no load
WARNING: [Synth 8-7129] Port Y_IN[21] in module cordic_v6_0_20_synth is either unconnected or has no load
WARNING: [Synth 8-7129] Port Y_IN[20] in module cordic_v6_0_20_synth is either unconnected or has no load
WARNING: [Synth 8-7129] Port Y_IN[19] in module cordic_v6_0_20_synth is either unconnected or has no load
WARNING: [Synth 8-7129] Port Y_IN[18] in module cordic_v6_0_20_synth is either unconnected or has no load
WARNING: [Synth 8-7129] Port Y_IN[17] in module cordic_v6_0_20_synth is either unconnected or has no load
WARNING: [Synth 8-7129] Port Y_IN[16] in module cordic_v6_0_20_synth is either unconnected or has no load
WARNING: [Synth 8-7129] Port Y_IN[15] in module cordic_v6_0_20_synth is either unconnected or has no load
WARNING: [Synth 8-7129] Port Y_IN[14] in module cordic_v6_0_20_synth is either unconnected or has no load
WARNING: [Synth 8-7129] Port Y_IN[13] in module cordic_v6_0_20_synth is either unconnected or has no load
WARNING: [Synth 8-7129] Port Y_IN[12] in module cordic_v6_0_20_synth is either unconnected or has no load
WARNING: [Synth 8-7129] Port Y_IN[11] in module cordic_v6_0_20_synth is either unconnected or has no load
WARNING: [Synth 8-7129] Port Y_IN[10] in module cordic_v6_0_20_synth is either unconnected or has no load
WARNING: [Synth 8-7129] Port Y_IN[9] in module cordic_v6_0_20_synth is either unconnected or has no load
WARNING: [Synth 8-7129] Port Y_IN[8] in module cordic_v6_0_20_synth is either unconnected or has no load
INFO: [Common 17-14] Message 'Synth 8-7129' appears 100 times and further instances of the messages will be disabled. Use the Tcl command set_msg_config to change the current settings.
---------------------------------------------------------------------------------
Finished RTL Elaboration : Time (s): cpu = 00:00:15 ; elapsed = 00:00:35 . Memory (MB): peak = 1688.082 ; gain = 793.215
---------------------------------------------------------------------------------
---------------------------------------------------------------------------------
Start Handling Custom Attributes
---------------------------------------------------------------------------------
---------------------------------------------------------------------------------
Finished Handling Custom Attributes : Time (s): cpu = 00:00:15 ; elapsed = 00:00:35 . Memory (MB): peak = 1688.082 ; gain = 793.215
---------------------------------------------------------------------------------
---------------------------------------------------------------------------------
Finished RTL Optimization Phase 1 : Time (s): cpu = 00:00:15 ; elapsed = 00:00:35 . Memory (MB): peak = 1688.082 ; gain = 793.215
---------------------------------------------------------------------------------
Netlist sorting complete. Time (s): cpu = 00:00:00 ; elapsed = 00:00:00.092 . Memory (MB): peak = 1688.082 ; gain = 0.000
INFO: [Netlist 29-17] Analyzing 1254 Unisim elements for replacement
INFO: [Netlist 29-28] Unisim Transformation completed in 0 CPU seconds
INFO: [Project 1-570] Preparing netlist for logic optimization

Processing XDC Constraints
Initializing timing engine
Parsing XDC File [c:/Project/PROF/3_dac_adc_triggered_read/vivado_project_bit/vivado_project_bit.gen/sources_1/ip/cordic_0/cordic_0_ooc.xdc] for cell 'U0'
Finished Parsing XDC File [c:/Project/PROF/3_dac_adc_triggered_read/vivado_project_bit/vivado_project_bit.gen/sources_1/ip/cordic_0/cordic_0_ooc.xdc] for cell 'U0'
Parsing XDC File [C:/Project/PROF/3_dac_adc_triggered_read/vivado_project_bit/vivado_project_bit.runs/cordic_0_synth_1/dont_touch.xdc]
Finished Parsing XDC File [C:/Project/PROF/3_dac_adc_triggered_read/vivado_project_bit/vivado_project_bit.runs/cordic_0_synth_1/dont_touch.xdc]
Completed Processing XDC Constraints

Netlist sorting complete. Time (s): cpu = 00:00:00 ; elapsed = 00:00:00.002 . Memory (MB): peak = 1688.082 ; gain = 0.000
INFO: [Project 1-111] Unisim Transformation Summary:
No Unisim elements were transformed.

지정된 경로를 찾을 수 없습니다.
Constraint Validation Runtime : Time (s): cpu = 00:00:00 ; elapsed = 00:00:00.104 . Memory (MB): peak = 1688.082 ; gain = 0.000
INFO: [Designutils 20-5008] Incremental synthesis strategy off
---------------------------------------------------------------------------------
Finished Constraint Validation : Time (s): cpu = 00:00:21 ; elapsed = 00:00:48 . Memory (MB): peak = 1688.082 ; gain = 793.215
---------------------------------------------------------------------------------
---------------------------------------------------------------------------------
Start Loading Part and Timing Information
---------------------------------------------------------------------------------
Loading part: xc7a75tfgg484-1
---------------------------------------------------------------------------------
Finished Loading Part and Timing Information : Time (s): cpu = 00:00:21 ; elapsed = 00:00:48 . Memory (MB): peak = 1688.082 ; gain = 793.215
---------------------------------------------------------------------------------
---------------------------------------------------------------------------------
Start Applying 'set_property' XDC Constraints
---------------------------------------------------------------------------------
Applied set_property KEEP_HIERARCHY = SOFT for U0. (constraint file  C:/Project/PROF/3_dac_adc_triggered_read/vivado_project_bit/vivado_project_bit.runs/cordic_0_synth_1/dont_touch.xdc, line 9).
---------------------------------------------------------------------------------
Finished applying 'set_property' XDC Constraints : Time (s): cpu = 00:00:21 ; elapsed = 00:00:48 . Memory (MB): peak = 1688.082 ; gain = 793.215
---------------------------------------------------------------------------------
---------------------------------------------------------------------------------
Finished RTL Optimization Phase 2 : Time (s): cpu = 00:00:21 ; elapsed = 00:00:49 . Memory (MB): peak = 1688.082 ; gain = 793.215
---------------------------------------------------------------------------------
---------------------------------------------------------------------------------
Start RTL Component Statistics 
---------------------------------------------------------------------------------
---------------------------------------------------------------------------------
Finished RTL Component Statistics 
---------------------------------------------------------------------------------
---------------------------------------------------------------------------------
Start Part Resource Summary
---------------------------------------------------------------------------------
Part Resources:
DSPs: 180 (col length:80)
BRAMs: 210 (col length: RAMB18 80 RAMB36 40)
---------------------------------------------------------------------------------
Finished Part Resource Summary
---------------------------------------------------------------------------------
---------------------------------------------------------------------------------
Start Cross Boundary and Area Optimization
---------------------------------------------------------------------------------
WARNING: [Synth 8-7080] Parallel synthesis criteria is not met
---------------------------------------------------------------------------------
Finished Cross Boundary and Area Optimization : Time (s): cpu = 00:00:23 ; elapsed = 00:00:51 . Memory (MB): peak = 1688.082 ; gain = 793.215
---------------------------------------------------------------------------------
---------------------------------------------------------------------------------
Start Applying XDC Timing Constraints
---------------------------------------------------------------------------------
---------------------------------------------------------------------------------
Finished Applying XDC Timing Constraints : Time (s): cpu = 00:00:27 ; elapsed = 00:00:59 . Memory (MB): peak = 1688.082 ; gain = 793.215
---------------------------------------------------------------------------------
---------------------------------------------------------------------------------
Start Timing Optimization
---------------------------------------------------------------------------------
---------------------------------------------------------------------------------
Finished Timing Optimization : Time (s): cpu = 00:00:28 ; elapsed = 00:01:00 . Memory (MB): peak = 1688.082 ; gain = 793.215
---------------------------------------------------------------------------------
---------------------------------------------------------------------------------
Start Technology Mapping
---------------------------------------------------------------------------------
---------------------------------------------------------------------------------
Finished Technology Mapping : Time (s): cpu = 00:00:28 ; elapsed = 00:01:02 . Memory (MB): peak = 1688.082 ; gain = 793.215
---------------------------------------------------------------------------------
---------------------------------------------------------------------------------
Start IO Insertion
---------------------------------------------------------------------------------
---------------------------------------------------------------------------------
Start Flattening Before IO Insertion
---------------------------------------------------------------------------------
---------------------------------------------------------------------------------
Finished Flattening Before IO Insertion
---------------------------------------------------------------------------------
---------------------------------------------------------------------------------
Start Final Netlist Cleanup
---------------------------------------------------------------------------------
---------------------------------------------------------------------------------
Finished Final Netlist Cleanup
---------------------------------------------------------------------------------
---------------------------------------------------------------------------------
Finished IO Insertion : Time (s): cpu = 00:00:35 ; elapsed = 00:01:16 . Memory (MB): peak = 1688.082 ; gain = 793.215
---------------------------------------------------------------------------------
---------------------------------------------------------------------------------
Start Renaming Generated Instances
---------------------------------------------------------------------------------
---------------------------------------------------------------------------------
Finished Renaming Generated Instances : Time (s): cpu = 00:00:35 ; elapsed = 00:01:16 . Memory (MB): peak = 1688.082 ; gain = 793.215
---------------------------------------------------------------------------------
---------------------------------------------------------------------------------
Start Rebuilding User Hierarchy
---------------------------------------------------------------------------------
---------------------------------------------------------------------------------
Finished Rebuilding User Hierarchy : Time (s): cpu = 00:00:35 ; elapsed = 00:01:16 . Memory (MB): peak = 1688.082 ; gain = 793.215
---------------------------------------------------------------------------------
---------------------------------------------------------------------------------
Start Renaming Generated Ports
---------------------------------------------------------------------------------
---------------------------------------------------------------------------------
Finished Renaming Generated Ports : Time (s): cpu = 00:00:35 ; elapsed = 00:01:16 . Memory (MB): peak = 1688.082 ; gain = 793.215
---------------------------------------------------------------------------------
---------------------------------------------------------------------------------
Start Handling Custom Attributes
---------------------------------------------------------------------------------
---------------------------------------------------------------------------------
Finished Handling Custom Attributes : Time (s): cpu = 00:00:35 ; elapsed = 00:01:16 . Memory (MB): peak = 1688.082 ; gain = 793.215
---------------------------------------------------------------------------------
---------------------------------------------------------------------------------
Start Renaming Generated Nets
---------------------------------------------------------------------------------
---------------------------------------------------------------------------------
Finished Renaming Generated Nets : Time (s): cpu = 00:00:35 ; elapsed = 00:01:16 . Memory (MB): peak = 1688.082 ; gain = 793.215
---------------------------------------------------------------------------------
---------------------------------------------------------------------------------
Start Writing Synthesis Report
---------------------------------------------------------------------------------

Report BlackBoxes: 
+-+--------------+----------+
| |BlackBox name |Instances |
+-+--------------+----------+
+-+--------------+----------+

Report Cell Usage: 
+------+-------+------+
|      |Cell   |Count |
+------+-------+------+
|1     |LUT1   |    64|
|2     |LUT2   |   250|
|3     |LUT3   |   322|
|4     |LUT5   |     1|
|5     |LUT6   |    15|
|6     |MUXCY  |   555|
|7     |SRL16E |     6|
|8     |XORCY  |   539|
|9     |FDRE   |   627|
+------+-------+------+
---------------------------------------------------------------------------------
Finished Writing Synthesis Report : Time (s): cpu = 00:00:35 ; elapsed = 00:01:17 . Memory (MB): peak = 1688.082 ; gain = 793.215
---------------------------------------------------------------------------------
Synthesis finished with 0 errors, 0 critical warnings and 315 warnings.
Synthesis Optimization Runtime : Time (s): cpu = 00:00:19 ; elapsed = 00:01:13 . Memory (MB): peak = 1688.082 ; gain = 793.215
Synthesis Optimization Complete : Time (s): cpu = 00:00:36 ; elapsed = 00:01:17 . Memory (MB): peak = 1688.082 ; gain = 793.215
INFO: [Project 1-571] Translating synthesized netlist
Netlist sorting complete. Time (s): cpu = 00:00:00 ; elapsed = 00:00:00.140 . Memory (MB): peak = 1688.082 ; gain = 0.000
INFO: [Netlist 29-17] Analyzing 1094 Unisim elements for replacement
INFO: [Netlist 29-28] Unisim Transformation completed in 0 CPU seconds
INFO: [Project 1-570] Preparing netlist for logic optimization
INFO: [Opt 31-138] Pushed 0 inverter(s) to 0 load pin(s).
Netlist sorting complete. Time (s): cpu = 00:00:00 ; elapsed = 00:00:00.002 . Memory (MB): peak = 1688.082 ; gain = 0.000
INFO: [Project 1-111] Unisim Transformation Summary:
  A total of 148 instances were transformed.
  (MUXCY,XORCY) => CARRY4: 148 instances

지정된 경로를 찾을 수 없습니다.
Synth Design complete | Checksum: dded1cb7
INFO: [Common 17-83] Releasing license: Synthesis
22 Infos, 101 Warnings, 0 Critical Warnings and 0 Errors encountered.
synth_design completed successfully
synth_design: Time (s): cpu = 00:00:42 ; elapsed = 00:01:43 . Memory (MB): peak = 1688.082 ; gain = 1201.977
Write ShapeDB Complete: Time (s): cpu = 00:00:00 ; elapsed = 00:00:00.010 . Memory (MB): peak = 1688.082 ; gain = 0.000
INFO: [Common 17-1381] The checkpoint 'C:/Project/PROF/3_dac_adc_triggered_read/vivado_project_bit/vivado_project_bit.runs/cordic_0_synth_1/cordic_0.dcp' has been generated.
INFO: [Coretcl 2-1648] Added synthesis output to IP cache for IP cordic_0, cache-ID = 77ec8ef904ed532a
INFO: [Coretcl 2-1174] Renamed 271 cell refs.
Write ShapeDB Complete: Time (s): cpu = 00:00:00 ; elapsed = 00:00:00.012 . Memory (MB): peak = 1688.082 ; gain = 0.000
INFO: [Common 17-1381] The checkpoint 'C:/Project/PROF/3_dac_adc_triggered_read/vivado_project_bit/vivado_project_bit.runs/cordic_0_synth_1/cordic_0.dcp' has been generated.
INFO: [runtcl-4] Executing : report_utilization -file cordic_0_utilization_synth.rpt -pb cordic_0_utilization_synth.pb
INFO: [Common 17-206] Exiting Vivado at Tue Feb 27 16:55:25 2024...
